<?xml version="1.0" encoding="UTF-8" standalone="no"?>
<testsuite errors="0" failures="0" name="io.cucumber.core.plugin.JUnitFormatter" skipped="0" tests="2" time="13.33">
    <testcase classname="Test login functionality" name="Check login is successful with valid credentials" time="7.153">
        <system-out>
            <![CDATA[Given user is on login page.................................................passed
When user enters valid chris and 12345......................................passed
And user clicks on login....................................................passed
Then user is navigated to the home page.....................................passed
]]>
        </system-out>
    </testcase>
    <testcase classname="Test login functionality" name="Check login is successful with valid credentials 2" time="6.03">
        <system-out>
            <![CDATA[Given user is on login page.................................................passed
When user enters valid sylvia and 12345.....................................passed
And user clicks on login....................................................passed
Then user is navigated to the home page.....................................passed
]]>
        </system-out>
    </testcase>
</testsuite>
