<?xml version="1.0" encoding="UTF-8" standalone="no"?>
<testsuite errors="0" failures="0" name="io.cucumber.core.plugin.JUnitFormatter" skipped="0" tests="1" time="0.313">
    <testcase classname="Login" name="Log in user with valid credentials" time="0.098">
        <system-out>
            <![CDATA[Given user is on login page.................................................passed
When user enters valid user name and password...............................passed
And clicks the login button.................................................passed
Then user is navigated to the home page.....................................passed
]]>
        </system-out>
    </testcase>
</testsuite>
